  Downloader.cpp
  QSimpleUpdater.cpp
  Updater.cpp
  UrielUpdater.cpp
  emailaddress.cpp
  mimeattachment.cpp
  mimecontentformatter.cpp
  mimefile.cpp
  mimehtml.cpp
  mimeinlinefile.cpp
  mimemessage.cpp
  mimemultipart.cpp
  mimepart.cpp
  mimetext.cpp
  quotedprintable.cpp
  smtpclient.cpp
  UrielDatabase.cpp
  UrielDeEncryptionKit.cpp
..\..\..\..\Jing.Woo@outlook.com\MySyncFolder\UrielQtFramework\UrielQtFramework\UrielDeEncryptionKit\UrielDeEncryptionKit.cpp(5): fatal error C1083: 无法打开包括文件: “botan.h”: No such file or directory
  UrielFTP.cpp
..\..\..\..\Jing.Woo@outlook.com\MySyncFolder\UrielQtFramework\UrielQtFramework\UrielFileTransfer\FTP\UrielFTP.cpp : warning C4819: 该文件包含不能在当前代码页(936)中表示的字符。请将该文件保存为 Unicode 格式以防止数据丢失
  UrielNetworkAccessManager.cpp
  正在生成代码...
  正在编译...
  CriticalDialog.cpp
  InformationDialog.cpp
  InputDialog.cpp
  LiftingProhibitionDialog.cpp
  ProgressDialog.cpp
  UrielImageViewer.cpp
  donutbreakdownchart.cpp
  mainslice.cpp
  InstrumentBorrowReturnHistory.cpp
