c:\asus webstorage\jing.woo@outlook.com\mysyncfolder\urielqtframework\urielqtframework\x64\debug\vc140.pdb
c:\asus webstorage\jing.woo@outlook.com\mysyncfolder\urielqtframework\urielqtframework\x64\debug\criticaldialog.obj
c:\asus webstorage\jing.woo@outlook.com\mysyncfolder\urielqtframework\urielqtframework\x64\debug\urielnetworkaccessmanager.obj
c:\asus webstorage\jing.woo@outlook.com\mysyncfolder\urielqtframework\urielqtframework\x64\debug\urielftp.obj
c:\asus webstorage\jing.woo@outlook.com\mysyncfolder\urielqtframework\urielqtframework\x64\debug\urieldatabase.obj
c:\asus webstorage\jing.woo@outlook.com\mysyncfolder\urielqtframework\urielqtframework\x64\debug\smtpclient.obj
c:\asus webstorage\jing.woo@outlook.com\mysyncfolder\urielqtframework\urielqtframework\x64\debug\quotedprintable.obj
c:\asus webstorage\jing.woo@outlook.com\mysyncfolder\urielqtframework\urielqtframework\x64\debug\mimetext.obj
c:\asus webstorage\jing.woo@outlook.com\mysyncfolder\urielqtframework\urielqtframework\x64\debug\mimepart.obj
c:\asus webstorage\jing.woo@outlook.com\mysyncfolder\urielqtframework\urielqtframework\x64\debug\mimemultipart.obj
c:\asus webstorage\jing.woo@outlook.com\mysyncfolder\urielqtframework\urielqtframework\x64\debug\mimemessage.obj
c:\asus webstorage\jing.woo@outlook.com\mysyncfolder\urielqtframework\urielqtframework\x64\debug\mimeinlinefile.obj
c:\asus webstorage\jing.woo@outlook.com\mysyncfolder\urielqtframework\urielqtframework\x64\debug\mimehtml.obj
c:\asus webstorage\jing.woo@outlook.com\mysyncfolder\urielqtframework\urielqtframework\x64\debug\mimefile.obj
c:\asus webstorage\jing.woo@outlook.com\mysyncfolder\urielqtframework\urielqtframework\x64\debug\mimecontentformatter.obj
c:\asus webstorage\jing.woo@outlook.com\mysyncfolder\urielqtframework\urielqtframework\x64\debug\mimeattachment.obj
c:\asus webstorage\jing.woo@outlook.com\mysyncfolder\urielqtframework\urielqtframework\x64\debug\emailaddress.obj
c:\asus webstorage\jing.woo@outlook.com\mysyncfolder\urielqtframework\urielqtframework\x64\debug\urielupdater.obj
c:\asus webstorage\jing.woo@outlook.com\mysyncfolder\urielqtframework\urielqtframework\x64\debug\updater.obj
c:\asus webstorage\jing.woo@outlook.com\mysyncfolder\urielqtframework\urielqtframework\x64\debug\qsimpleupdater.obj
c:\asus webstorage\jing.woo@outlook.com\mysyncfolder\urielqtframework\urielqtframework\x64\debug\downloader.obj
c:\asus webstorage\jing.woo@outlook.com\mysyncfolder\urielqtframework\urielqtframework\x64\debug\timefilter.obj
c:\asus webstorage\jing.woo@outlook.com\mysyncfolder\urielqtframework\urielqtframework\x64\debug\releasingnotices.obj
c:\asus webstorage\jing.woo@outlook.com\mysyncfolder\urielqtframework\urielqtframework\x64\debug\noticeslistmenuitem.obj
c:\asus webstorage\jing.woo@outlook.com\mysyncfolder\urielqtframework\urielqtframework\x64\debug\noticescommentitem.obj
c:\asus webstorage\jing.woo@outlook.com\mysyncfolder\urielqtframework\urielqtframework\x64\debug\travelexpenseapproval.obj
c:\asus webstorage\jing.woo@outlook.com\mysyncfolder\urielqtframework\urielqtframework\x64\debug\smallinvoice.obj
c:\asus webstorage\jing.woo@outlook.com\mysyncfolder\urielqtframework\urielqtframework\x64\debug\reimbursementstatistics.obj
c:\asus webstorage\jing.woo@outlook.com\mysyncfolder\urielqtframework\urielqtframework\x64\debug\invoiceinfo.obj
c:\asus webstorage\jing.woo@outlook.com\mysyncfolder\urielqtframework\urielqtframework\x64\debug\expenseitem.obj
c:\asus webstorage\jing.woo@outlook.com\mysyncfolder\urielqtframework\urielqtframework\x64\debug\cashpaymentcertificate.obj
c:\asus webstorage\jing.woo@outlook.com\mysyncfolder\urielqtframework\urielqtframework\x64\debug\instrumentinfo.obj
c:\asus webstorage\jing.woo@outlook.com\mysyncfolder\urielqtframework\urielqtframework\x64\debug\instrumentborrowreturn.obj
c:\asus webstorage\jing.woo@outlook.com\mysyncfolder\urielqtframework\urielqtframework\x64\debug\instrumentborrowreturnhistory.obj
c:\asus webstorage\jing.woo@outlook.com\mysyncfolder\urielqtframework\urielqtframework\x64\debug\mainslice.obj
c:\asus webstorage\jing.woo@outlook.com\mysyncfolder\urielqtframework\urielqtframework\x64\debug\donutbreakdownchart.obj
c:\asus webstorage\jing.woo@outlook.com\mysyncfolder\urielqtframework\urielqtframework\x64\debug\progressdialog.obj
c:\asus webstorage\jing.woo@outlook.com\mysyncfolder\urielqtframework\urielqtframework\x64\debug\liftingprohibitiondialog.obj
c:\asus webstorage\jing.woo@outlook.com\mysyncfolder\urielqtframework\urielqtframework\x64\debug\inputdialog.obj
c:\asus webstorage\jing.woo@outlook.com\mysyncfolder\urielqtframework\urielqtframework\x64\debug\informationdialog.obj
c:\asus webstorage\jing.woo@outlook.com\mysyncfolder\urielqtframework\urielqtframework\x64\debug\meetingreporttablemodel.obj
c:\asus webstorage\jing.woo@outlook.com\mysyncfolder\urielqtframework\urielqtframework\x64\debug\materialpurchaseapplytablemodel.obj
c:\asus webstorage\jing.woo@outlook.com\mysyncfolder\urielqtframework\urielqtframework\x64\debug\logintablemodel.obj
c:\asus webstorage\jing.woo@outlook.com\mysyncfolder\urielqtframework\urielqtframework\x64\debug\leaveinfotablemodel.obj
c:\asus webstorage\jing.woo@outlook.com\mysyncfolder\urielqtframework\urielqtframework\x64\debug\invoicetablemodel.obj
c:\asus webstorage\jing.woo@outlook.com\mysyncfolder\urielqtframework\urielqtframework\x64\debug\checkintablemodel.obj
c:\asus webstorage\jing.woo@outlook.com\mysyncfolder\urielqtframework\urielqtframework\x64\debug\academicconferencetablemodel.obj
c:\asus webstorage\jing.woo@outlook.com\mysyncfolder\urielqtframework\urielqtframework\x64\debug\userregisterthirdstep.obj
c:\asus webstorage\jing.woo@outlook.com\mysyncfolder\urielqtframework\urielqtframework\x64\debug\userregistersecondstep.obj
c:\asus webstorage\jing.woo@outlook.com\mysyncfolder\urielqtframework\urielqtframework\x64\debug\userregisterlaststep.obj
c:\asus webstorage\jing.woo@outlook.com\mysyncfolder\urielqtframework\urielqtframework\x64\debug\userregisterfirststep.obj
c:\asus webstorage\jing.woo@outlook.com\mysyncfolder\urielqtframework\urielqtframework\x64\debug\userinfo.obj
c:\asus webstorage\jing.woo@outlook.com\mysyncfolder\urielqtframework\urielqtframework\x64\debug\materialpurchaseapplytable.obj
c:\asus webstorage\jing.woo@outlook.com\mysyncfolder\urielqtframework\urielqtframework\x64\debug\worksinfo.obj
c:\asus webstorage\jing.woo@outlook.com\mysyncfolder\urielqtframework\urielqtframework\x64\debug\researchproject.obj
c:\asus webstorage\jing.woo@outlook.com\mysyncfolder\urielqtframework\urielqtframework\x64\debug\reporttableview.obj
c:\asus webstorage\jing.woo@outlook.com\mysyncfolder\urielqtframework\urielqtframework\x64\debug\patentinfo.obj
c:\asus webstorage\jing.woo@outlook.com\mysyncfolder\urielqtframework\urielqtframework\x64\debug\paperinfo.obj
c:\asus webstorage\jing.woo@outlook.com\mysyncfolder\urielqtframework\urielqtframework\x64\debug\academicconferenceinfo.obj
c:\asus webstorage\jing.woo@outlook.com\mysyncfolder\urielqtframework\urielqtframework\x64\debug\moc_materialpurchaseapplytable.obj
c:\asus webstorage\jing.woo@outlook.com\mysyncfolder\urielqtframework\urielqtframework\x64\debug\moc_logintablemodel.obj
c:\asus webstorage\jing.woo@outlook.com\mysyncfolder\urielqtframework\urielqtframework\x64\debug\moc_liftingprohibitiondialog.obj
c:\asus webstorage\jing.woo@outlook.com\mysyncfolder\urielqtframework\urielqtframework\x64\debug\moc_leaveinfotablemodel.obj
c:\asus webstorage\jing.woo@outlook.com\mysyncfolder\urielqtframework\urielqtframework\x64\debug\moc_invoicetablemodel.obj
c:\asus webstorage\jing.woo@outlook.com\mysyncfolder\urielqtframework\urielqtframework\x64\debug\moc_instrumentbrhistorytablemodel.obj
c:\asus webstorage\jing.woo@outlook.com\mysyncfolder\urielqtframework\urielqtframework\x64\debug\moc_inputdialog.obj
c:\asus webstorage\jing.woo@outlook.com\mysyncfolder\urielqtframework\urielqtframework\x64\debug\moc_informationdialog.obj
c:\asus webstorage\jing.woo@outlook.com\mysyncfolder\urielqtframework\urielqtframework\x64\debug\moc_emailaddress.obj
c:\asus webstorage\jing.woo@outlook.com\mysyncfolder\urielqtframework\urielqtframework\x64\debug\moc_downloader.obj
c:\asus webstorage\jing.woo@outlook.com\mysyncfolder\urielqtframework\urielqtframework\x64\debug\moc_criticaldialog.obj
c:\asus webstorage\jing.woo@outlook.com\mysyncfolder\urielqtframework\urielqtframework\x64\debug\moc_checkintablemodel.obj
c:\asus webstorage\jing.woo@outlook.com\mysyncfolder\urielqtframework\urielqtframework\x64\debug\moc_academicconferencetablemodel.obj
c:\asus webstorage\jing.woo@outlook.com\mysyncfolder\urielqtframework\urielqtframework\x64\debug\moc_academicconferenceinfo.obj
c:\asus webstorage\jing.woo@outlook.com\mysyncfolder\urielqtframework\urielqtframework\x64\debug\urielsmtpemail.obj
c:\asus webstorage\jing.woo@outlook.com\mysyncfolder\urielqtframework\urielqtframework\x64\debug\workstablemodel.obj
c:\asus webstorage\jing.woo@outlook.com\mysyncfolder\urielqtframework\urielqtframework\x64\debug\usercounttablemodel.obj
c:\asus webstorage\jing.woo@outlook.com\mysyncfolder\urielqtframework\urielqtframework\x64\debug\researchprojecttablemodel.obj
c:\asus webstorage\jing.woo@outlook.com\mysyncfolder\urielqtframework\urielqtframework\x64\debug\patenttablemodel.obj
c:\asus webstorage\jing.woo@outlook.com\mysyncfolder\urielqtframework\urielqtframework\x64\debug\papertablemodel.obj
c:\asus webstorage\jing.woo@outlook.com\mysyncfolder\urielqtframework\urielqtframework\x64\debug\moc_smtpclient.obj
c:\asus webstorage\jing.woo@outlook.com\mysyncfolder\urielqtframework\urielqtframework\x64\debug\moc_smallinvoice.obj
c:\asus webstorage\jing.woo@outlook.com\mysyncfolder\urielqtframework\urielqtframework\x64\debug\moc_researchprojecttablemodel.obj
c:\asus webstorage\jing.woo@outlook.com\mysyncfolder\urielqtframework\urielqtframework\x64\debug\moc_researchproject.obj
c:\asus webstorage\jing.woo@outlook.com\mysyncfolder\urielqtframework\urielqtframework\x64\debug\moc_reporttableview.obj
c:\asus webstorage\jing.woo@outlook.com\mysyncfolder\urielqtframework\urielqtframework\x64\debug\moc_reimbursementstatistics.obj
c:\asus webstorage\jing.woo@outlook.com\mysyncfolder\urielqtframework\urielqtframework\x64\debug\moc_quotedprintable.obj
c:\asus webstorage\jing.woo@outlook.com\mysyncfolder\urielqtframework\urielqtframework\x64\debug\moc_qsimpleupdater.obj
c:\asus webstorage\jing.woo@outlook.com\mysyncfolder\urielqtframework\urielqtframework\x64\debug\moc_patenttablemodel.obj
c:\asus webstorage\jing.woo@outlook.com\mysyncfolder\urielqtframework\urielqtframework\x64\debug\moc_patentinfo.obj
c:\asus webstorage\jing.woo@outlook.com\mysyncfolder\urielqtframework\urielqtframework\x64\debug\moc_papertablemodel.obj
c:\asus webstorage\jing.woo@outlook.com\mysyncfolder\urielqtframework\urielqtframework\x64\debug\moc_paperinfo.obj
c:\asus webstorage\jing.woo@outlook.com\mysyncfolder\urielqtframework\urielqtframework\x64\debug\moc_mimepart.obj
c:\asus webstorage\jing.woo@outlook.com\mysyncfolder\urielqtframework\urielqtframework\x64\debug\moc_mimemultipart.obj
c:\asus webstorage\jing.woo@outlook.com\mysyncfolder\urielqtframework\urielqtframework\x64\debug\moc_mimehtml.obj
c:\asus webstorage\jing.woo@outlook.com\mysyncfolder\urielqtframework\urielqtframework\x64\debug\moc_mimefile.obj
c:\asus webstorage\jing.woo@outlook.com\mysyncfolder\urielqtframework\urielqtframework\x64\debug\moc_mimecontentformatter.obj
c:\asus webstorage\jing.woo@outlook.com\mysyncfolder\urielqtframework\urielqtframework\x64\debug\moc_mimeattachment.obj
c:\asus webstorage\jing.woo@outlook.com\mysyncfolder\urielqtframework\urielqtframework\x64\debug\moc_meetingreporttablemodel.obj
c:\asus webstorage\jing.woo@outlook.com\mysyncfolder\urielqtframework\urielqtframework\x64\debug\moc_materialpurchaseapplytablemodel.obj
c:\asus webstorage\jing.woo@outlook.com\mysyncfolder\urielqtframework\urielqtframework\x64\debug\moc_invoiceinfo.obj
c:\asus webstorage\jing.woo@outlook.com\mysyncfolder\urielqtframework\urielqtframework\x64\debug\moc_instrumenttablemodel.obj
c:\asus webstorage\jing.woo@outlook.com\mysyncfolder\urielqtframework\urielqtframework\x64\debug\moc_instrumentinfo.obj
c:\asus webstorage\jing.woo@outlook.com\mysyncfolder\urielqtframework\urielqtframework\x64\debug\moc_instrumentborrowreturnhistory.obj
c:\asus webstorage\jing.woo@outlook.com\mysyncfolder\urielqtframework\urielqtframework\x64\debug\moc_instrumentborrowreturn.obj
c:\asus webstorage\jing.woo@outlook.com\mysyncfolder\urielqtframework\urielqtframework\x64\debug\moc_expenseitem.obj
c:\asus webstorage\jing.woo@outlook.com\mysyncfolder\urielqtframework\urielqtframework\x64\debug\moc_cashpaymentcertificate.obj
c:\asus webstorage\jing.woo@outlook.com\mysyncfolder\urielqtframework\urielqtframework\x64\debug\noticesmenutreemodel.obj
c:\asus webstorage\jing.woo@outlook.com\mysyncfolder\urielqtframework\urielqtframework\x64\debug\noticesmenutreeitem.obj
c:\asus webstorage\jing.woo@outlook.com\mysyncfolder\urielqtframework\urielqtframework\x64\debug\noticesmenutablemodel.obj
c:\asus webstorage\jing.woo@outlook.com\mysyncfolder\urielqtframework\urielqtframework\x64\debug\noticesmenutableitemdelegate.obj
c:\asus webstorage\jing.woo@outlook.com\mysyncfolder\urielqtframework\urielqtframework\x64\debug\instrumenttablemodel.obj
c:\asus webstorage\jing.woo@outlook.com\mysyncfolder\urielqtframework\urielqtframework\x64\debug\instrumentbrhistorytablemodel.obj
c:\asus webstorage\jing.woo@outlook.com\mysyncfolder\urielqtframework\urielqtframework\x64\debug\moc_workstablemodel.obj
c:\asus webstorage\jing.woo@outlook.com\mysyncfolder\urielqtframework\urielqtframework\x64\debug\moc_worksinfo.obj
c:\asus webstorage\jing.woo@outlook.com\mysyncfolder\urielqtframework\urielqtframework\x64\debug\moc_usercounttablemodel.obj
c:\asus webstorage\jing.woo@outlook.com\mysyncfolder\urielqtframework\urielqtframework\x64\debug\moc_urielupdater.obj
c:\asus webstorage\jing.woo@outlook.com\mysyncfolder\urielqtframework\urielqtframework\x64\debug\moc_urielnetworkaccessmanager.obj
c:\asus webstorage\jing.woo@outlook.com\mysyncfolder\urielqtframework\urielqtframework\x64\debug\moc_urielimageviewer.obj
c:\asus webstorage\jing.woo@outlook.com\mysyncfolder\urielqtframework\urielqtframework\x64\debug\moc_updater.obj
c:\asus webstorage\jing.woo@outlook.com\mysyncfolder\urielqtframework\urielqtframework\x64\debug\urielqtframeworkoptions.obj
c:\asus webstorage\jing.woo@outlook.com\mysyncfolder\urielqtframework\urielqtframework\x64\debug\moc_userregisterthirdstep.obj
c:\asus webstorage\jing.woo@outlook.com\mysyncfolder\urielqtframework\urielqtframework\x64\debug\moc_userregistersecondstep.obj
c:\asus webstorage\jing.woo@outlook.com\mysyncfolder\urielqtframework\urielqtframework\x64\debug\moc_userregisterlaststep.obj
c:\asus webstorage\jing.woo@outlook.com\mysyncfolder\urielqtframework\urielqtframework\x64\debug\moc_userregisterfirststep.obj
c:\asus webstorage\jing.woo@outlook.com\mysyncfolder\urielqtframework\urielqtframework\x64\debug\moc_userinfo.obj
c:\asus webstorage\jing.woo@outlook.com\mysyncfolder\urielqtframework\urielqtframework\x64\debug\moc_urielftp.obj
c:\asus webstorage\jing.woo@outlook.com\mysyncfolder\urielqtframework\urielqtframework\x64\debug\moc_travelexpenseapproval.obj
c:\asus webstorage\jing.woo@outlook.com\mysyncfolder\urielqtframework\urielqtframework\x64\debug\moc_timefilter.obj
c:\asus webstorage\jing.woo@outlook.com\mysyncfolder\urielqtframework\urielqtframework\x64\debug\moc_releasingnotices.obj
c:\asus webstorage\jing.woo@outlook.com\mysyncfolder\urielqtframework\urielqtframework\x64\debug\moc_progressdialog.obj
c:\asus webstorage\jing.woo@outlook.com\mysyncfolder\urielqtframework\urielqtframework\x64\debug\moc_noticesmenutreemodel.obj
c:\asus webstorage\jing.woo@outlook.com\mysyncfolder\urielqtframework\urielqtframework\x64\debug\moc_noticesmenutablemodel.obj
c:\asus webstorage\jing.woo@outlook.com\mysyncfolder\urielqtframework\urielqtframework\x64\debug\moc_noticeslistmenuitem.obj
c:\asus webstorage\jing.woo@outlook.com\mysyncfolder\urielqtframework\urielqtframework\x64\debug\moc_noticescommentitem.obj
c:\asus webstorage\jing.woo@outlook.com\mysyncfolder\urielqtframework\urielqtframework\x64\debug\urielqtframework.obj
c:\asus webstorage\jing.woo@outlook.com\mysyncfolder\urielqtframework\urielqtframework\x64\debug\main.obj
c:\asus webstorage\jing.woo@outlook.com\mysyncfolder\urielqtframework\urielqtframework\x64\debug\moc_urielqtframework.obj
c:\asus webstorage\jing.woo@outlook.com\mysyncfolder\urielqtframework\urielqtframework\x64\debug\moc_login.obj
c:\asus webstorage\jing.woo@outlook.com\mysyncfolder\urielqtframework\urielqtframework\x64\debug\login.obj
c:\asus webstorage\jing.woo@outlook.com\mysyncfolder\urielqtframework\urielqtframework\x64\debug\urielimageviewer.obj
c:\asus webstorage\jing.woo@outlook.com\mysyncfolder\urielqtframework\urielqtframework\x64\debug\qrc_urielqtframework.obj
c:\asus webstorage\jing.woo@outlook.com\mysyncfolder\urielqtframework\urielqtframework\x64\debug\moc_urieldeencryptionkit.obj
c:\asus webstorage\jing.woo@outlook.com\mysyncfolder\urielqtframework\urielqtframework\x64\debug\urieldeencryptionkit.obj
c:\asus webstorage\jing.woo@outlook.com\mysyncfolder\urielqtframework\urielqtframework\generatedfiles\debug\moc_urielqtframework.cpp
c:\asus webstorage\jing.woo@outlook.com\mysyncfolder\urielqtframework\urielqtframework\generatedfiles\ui_urielqtframework.h
c:\asus webstorage\jing.woo@outlook.com\mysyncfolder\urielqtframework\urielqtframework\generatedfiles\debug\moc_qsimpleupdater.cpp
c:\asus webstorage\jing.woo@outlook.com\mysyncfolder\urielqtframework\urielqtframework\generatedfiles\debug\moc_downloader.cpp
c:\asus webstorage\jing.woo@outlook.com\mysyncfolder\urielqtframework\urielqtframework\generatedfiles\debug\moc_updater.cpp
c:\asus webstorage\jing.woo@outlook.com\mysyncfolder\urielqtframework\urielqtframework\generatedfiles\debug\moc_urielupdater.cpp
c:\asus webstorage\jing.woo@outlook.com\mysyncfolder\urielqtframework\urielqtframework\generatedfiles\debug\moc_mimeattachment.cpp
c:\asus webstorage\jing.woo@outlook.com\mysyncfolder\urielqtframework\urielqtframework\generatedfiles\debug\moc_mimecontentformatter.cpp
c:\asus webstorage\jing.woo@outlook.com\mysyncfolder\urielqtframework\urielqtframework\generatedfiles\debug\moc_mimefile.cpp
c:\asus webstorage\jing.woo@outlook.com\mysyncfolder\urielqtframework\urielqtframework\generatedfiles\debug\moc_mimehtml.cpp
c:\asus webstorage\jing.woo@outlook.com\mysyncfolder\urielqtframework\urielqtframework\generatedfiles\debug\moc_mimemultipart.cpp
c:\asus webstorage\jing.woo@outlook.com\mysyncfolder\urielqtframework\urielqtframework\generatedfiles\debug\moc_mimepart.cpp
c:\asus webstorage\jing.woo@outlook.com\mysyncfolder\urielqtframework\urielqtframework\generatedfiles\debug\moc_quotedprintable.cpp
c:\asus webstorage\jing.woo@outlook.com\mysyncfolder\urielqtframework\urielqtframework\generatedfiles\debug\moc_smtpclient.cpp
c:\asus webstorage\jing.woo@outlook.com\mysyncfolder\urielqtframework\urielqtframework\generatedfiles\debug\moc_login.cpp
c:\asus webstorage\jing.woo@outlook.com\mysyncfolder\urielqtframework\urielqtframework\generatedfiles\debug\moc_userregisterfirststep.cpp
c:\asus webstorage\jing.woo@outlook.com\mysyncfolder\urielqtframework\urielqtframework\generatedfiles\debug\moc_userregistersecondstep.cpp
c:\asus webstorage\jing.woo@outlook.com\mysyncfolder\urielqtframework\urielqtframework\generatedfiles\debug\moc_userregisterthirdstep.cpp
c:\asus webstorage\jing.woo@outlook.com\mysyncfolder\urielqtframework\urielqtframework\generatedfiles\debug\moc_userregisterlaststep.cpp
c:\asus webstorage\jing.woo@outlook.com\mysyncfolder\urielqtframework\urielqtframework\generatedfiles\debug\moc_invoiceinfo.cpp
c:\asus webstorage\jing.woo@outlook.com\mysyncfolder\urielqtframework\urielqtframework\generatedfiles\debug\moc_cashpaymentcertificate.cpp
c:\asus webstorage\jing.woo@outlook.com\mysyncfolder\urielqtframework\urielqtframework\generatedfiles\debug\moc_travelexpenseapproval.cpp
c:\asus webstorage\jing.woo@outlook.com\mysyncfolder\urielqtframework\urielqtframework\generatedfiles\debug\moc_expenseitem.cpp
c:\asus webstorage\jing.woo@outlook.com\mysyncfolder\urielqtframework\urielqtframework\generatedfiles\debug\moc_releasingnotices.cpp
c:\asus webstorage\jing.woo@outlook.com\mysyncfolder\urielqtframework\urielqtframework\generatedfiles\debug\moc_noticeslistmenuitem.cpp
c:\asus webstorage\jing.woo@outlook.com\mysyncfolder\urielqtframework\urielqtframework\generatedfiles\debug\moc_timefilter.cpp
c:\asus webstorage\jing.woo@outlook.com\mysyncfolder\urielqtframework\urielqtframework\generatedfiles\debug\moc_noticesmenutablemodel.cpp
c:\asus webstorage\jing.woo@outlook.com\mysyncfolder\urielqtframework\urielqtframework\generatedfiles\debug\moc_urielftp.cpp
c:\asus webstorage\jing.woo@outlook.com\mysyncfolder\urielqtframework\urielqtframework\generatedfiles\debug\moc_noticescommentitem.cpp
c:\asus webstorage\jing.woo@outlook.com\mysyncfolder\urielqtframework\urielqtframework\generatedfiles\debug\moc_userinfo.cpp
c:\asus webstorage\jing.woo@outlook.com\mysyncfolder\urielqtframework\urielqtframework\generatedfiles\debug\moc_instrumenttablemodel.cpp
c:\asus webstorage\jing.woo@outlook.com\mysyncfolder\urielqtframework\urielqtframework\generatedfiles\debug\moc_instrumentinfo.cpp
c:\asus webstorage\jing.woo@outlook.com\mysyncfolder\urielqtframework\urielqtframework\generatedfiles\debug\moc_progressdialog.cpp
c:\asus webstorage\jing.woo@outlook.com\mysyncfolder\urielqtframework\urielqtframework\generatedfiles\debug\moc_instrumentborrowreturn.cpp
c:\asus webstorage\jing.woo@outlook.com\mysyncfolder\urielqtframework\urielqtframework\generatedfiles\debug\moc_instrumentborrowreturnhistory.cpp
c:\asus webstorage\jing.woo@outlook.com\mysyncfolder\urielqtframework\urielqtframework\generatedfiles\debug\moc_instrumentbrhistorytablemodel.cpp
c:\asus webstorage\jing.woo@outlook.com\mysyncfolder\urielqtframework\urielqtframework\generatedfiles\debug\moc_checkintablemodel.cpp
c:\asus webstorage\jing.woo@outlook.com\mysyncfolder\urielqtframework\urielqtframework\generatedfiles\debug\moc_informationdialog.cpp
c:\asus webstorage\jing.woo@outlook.com\mysyncfolder\urielqtframework\urielqtframework\generatedfiles\debug\moc_criticaldialog.cpp
c:\asus webstorage\jing.woo@outlook.com\mysyncfolder\urielqtframework\urielqtframework\generatedfiles\debug\moc_urielimageviewer.cpp
c:\asus webstorage\jing.woo@outlook.com\mysyncfolder\urielqtframework\urielqtframework\generatedfiles\debug\moc_inputdialog.cpp
c:\asus webstorage\jing.woo@outlook.com\mysyncfolder\urielqtframework\urielqtframework\generatedfiles\debug\moc_invoicetablemodel.cpp
c:\asus webstorage\jing.woo@outlook.com\mysyncfolder\urielqtframework\urielqtframework\generatedfiles\debug\moc_urielnetworkaccessmanager.cpp
c:\asus webstorage\jing.woo@outlook.com\mysyncfolder\urielqtframework\urielqtframework\generatedfiles\debug\moc_reimbursementstatistics.cpp
c:\asus webstorage\jing.woo@outlook.com\mysyncfolder\urielqtframework\urielqtframework\generatedfiles\debug\moc_mainslice.cpp
c:\asus webstorage\jing.woo@outlook.com\mysyncfolder\urielqtframework\urielqtframework\generatedfiles\debug\moc_leaveinfotablemodel.cpp
c:\asus webstorage\jing.woo@outlook.com\mysyncfolder\urielqtframework\urielqtframework\generatedfiles\debug\moc_logintablemodel.cpp
c:\asus webstorage\jing.woo@outlook.com\mysyncfolder\urielqtframework\urielqtframework\generatedfiles\debug\moc_materialpurchaseapplytable.cpp
c:\asus webstorage\jing.woo@outlook.com\mysyncfolder\urielqtframework\urielqtframework\generatedfiles\debug\moc_materialpurchaseapplytablemodel.cpp
c:\asus webstorage\jing.woo@outlook.com\mysyncfolder\urielqtframework\urielqtframework\generatedfiles\debug\moc_smallinvoice.cpp
c:\asus webstorage\jing.woo@outlook.com\mysyncfolder\urielqtframework\urielqtframework\generatedfiles\debug\moc_meetingreporttablemodel.cpp
c:\asus webstorage\jing.woo@outlook.com\mysyncfolder\urielqtframework\urielqtframework\generatedfiles\debug\moc_reporttableview.cpp
c:\asus webstorage\jing.woo@outlook.com\mysyncfolder\urielqtframework\urielqtframework\generatedfiles\debug\moc_paperinfo.cpp
c:\asus webstorage\jing.woo@outlook.com\mysyncfolder\urielqtframework\urielqtframework\generatedfiles\debug\moc_academicconferenceinfo.cpp
c:\asus webstorage\jing.woo@outlook.com\mysyncfolder\urielqtframework\urielqtframework\generatedfiles\debug\moc_patentinfo.cpp
c:\asus webstorage\jing.woo@outlook.com\mysyncfolder\urielqtframework\urielqtframework\generatedfiles\debug\moc_worksinfo.cpp
c:\asus webstorage\jing.woo@outlook.com\mysyncfolder\urielqtframework\urielqtframework\generatedfiles\debug\moc_researchproject.cpp
c:\asus webstorage\jing.woo@outlook.com\mysyncfolder\urielqtframework\urielqtframework\generatedfiles\debug\moc_academicconferencetablemodel.cpp
c:\asus webstorage\jing.woo@outlook.com\mysyncfolder\urielqtframework\urielqtframework\generatedfiles\debug\moc_noticesmenutreemodel.cpp
c:\asus webstorage\jing.woo@outlook.com\mysyncfolder\urielqtframework\urielqtframework\generatedfiles\debug\moc_usercounttablemodel.cpp
c:\asus webstorage\jing.woo@outlook.com\mysyncfolder\urielqtframework\urielqtframework\generatedfiles\debug\moc_papertablemodel.cpp
c:\asus webstorage\jing.woo@outlook.com\mysyncfolder\urielqtframework\urielqtframework\generatedfiles\debug\moc_patenttablemodel.cpp
c:\asus webstorage\jing.woo@outlook.com\mysyncfolder\urielqtframework\urielqtframework\generatedfiles\debug\moc_workstablemodel.cpp
c:\asus webstorage\jing.woo@outlook.com\mysyncfolder\urielqtframework\urielqtframework\generatedfiles\debug\moc_researchprojecttablemodel.cpp
c:\asus webstorage\jing.woo@outlook.com\mysyncfolder\urielqtframework\urielqtframework\generatedfiles\qrc_urielqtframework.cpp
c:\asus webstorage\jing.woo@outlook.com\mysyncfolder\urielqtframework\urielqtframework\generatedfiles\ui_login.h
c:\asus webstorage\jing.woo@outlook.com\mysyncfolder\urielqtframework\urielqtframework\generatedfiles\ui_userregisterfirststep.h
c:\asus webstorage\jing.woo@outlook.com\mysyncfolder\urielqtframework\urielqtframework\generatedfiles\ui_userregistersecondstep.h
c:\asus webstorage\jing.woo@outlook.com\mysyncfolder\urielqtframework\urielqtframework\generatedfiles\ui_userregisterthirdstep.h
c:\asus webstorage\jing.woo@outlook.com\mysyncfolder\urielqtframework\urielqtframework\generatedfiles\ui_userregisterlaststep.h
c:\asus webstorage\jing.woo@outlook.com\mysyncfolder\urielqtframework\urielqtframework\generatedfiles\ui_invoiceinfo.h
c:\asus webstorage\jing.woo@outlook.com\mysyncfolder\urielqtframework\urielqtframework\generatedfiles\ui_cashpaymentcertificate.h
c:\asus webstorage\jing.woo@outlook.com\mysyncfolder\urielqtframework\urielqtframework\generatedfiles\ui_travelexpenseapproval.h
c:\asus webstorage\jing.woo@outlook.com\mysyncfolder\urielqtframework\urielqtframework\generatedfiles\ui_expenseitem.h
c:\asus webstorage\jing.woo@outlook.com\mysyncfolder\urielqtframework\urielqtframework\generatedfiles\ui_releasingnotices.h
c:\asus webstorage\jing.woo@outlook.com\mysyncfolder\urielqtframework\urielqtframework\generatedfiles\ui_noticeslistmenuitem.h
c:\asus webstorage\jing.woo@outlook.com\mysyncfolder\urielqtframework\urielqtframework\generatedfiles\ui_timefilter.h
c:\asus webstorage\jing.woo@outlook.com\mysyncfolder\urielqtframework\urielqtframework\generatedfiles\ui_noticescommentitem.h
c:\asus webstorage\jing.woo@outlook.com\mysyncfolder\urielqtframework\urielqtframework\generatedfiles\ui_userinfo.h
c:\asus webstorage\jing.woo@outlook.com\mysyncfolder\urielqtframework\urielqtframework\generatedfiles\ui_instrumentinfo.h
c:\asus webstorage\jing.woo@outlook.com\mysyncfolder\urielqtframework\urielqtframework\generatedfiles\ui_progressdialog.h
c:\asus webstorage\jing.woo@outlook.com\mysyncfolder\urielqtframework\urielqtframework\generatedfiles\ui_instrumentborrowreturn.h
c:\asus webstorage\jing.woo@outlook.com\mysyncfolder\urielqtframework\urielqtframework\generatedfiles\ui_instrumentborrowreturnhistory.h
c:\asus webstorage\jing.woo@outlook.com\mysyncfolder\urielqtframework\urielqtframework\generatedfiles\ui_informationdialog.h
c:\asus webstorage\jing.woo@outlook.com\mysyncfolder\urielqtframework\urielqtframework\generatedfiles\ui_criticaldialog.h
c:\asus webstorage\jing.woo@outlook.com\mysyncfolder\urielqtframework\urielqtframework\generatedfiles\ui_urielimageviewer.h
c:\asus webstorage\jing.woo@outlook.com\mysyncfolder\urielqtframework\urielqtframework\generatedfiles\ui_inputdialog.h
c:\asus webstorage\jing.woo@outlook.com\mysyncfolder\urielqtframework\urielqtframework\generatedfiles\ui_reimbursementstatistics.h
c:\asus webstorage\jing.woo@outlook.com\mysyncfolder\urielqtframework\urielqtframework\generatedfiles\ui_materialpurchaseapplytable.h
c:\asus webstorage\jing.woo@outlook.com\mysyncfolder\urielqtframework\urielqtframework\generatedfiles\ui_liftingprohibitiondialog.h
c:\asus webstorage\jing.woo@outlook.com\mysyncfolder\urielqtframework\urielqtframework\generatedfiles\ui_smallinvoice.h
c:\asus webstorage\jing.woo@outlook.com\mysyncfolder\urielqtframework\urielqtframework\generatedfiles\ui_paperinfo.h
c:\asus webstorage\jing.woo@outlook.com\mysyncfolder\urielqtframework\urielqtframework\generatedfiles\ui_academicconferenceinfo.h
c:\asus webstorage\jing.woo@outlook.com\mysyncfolder\urielqtframework\urielqtframework\generatedfiles\ui_patentinfo.h
c:\asus webstorage\jing.woo@outlook.com\mysyncfolder\urielqtframework\urielqtframework\generatedfiles\ui_worksinfo.h
c:\asus webstorage\jing.woo@outlook.com\mysyncfolder\urielqtframework\urielqtframework\generatedfiles\ui_researchproject.h
c:\asus webstorage\jing.woo@outlook.com\mysyncfolder\urielqtframework\urielqtframework\generatedfiles\ui_downloader.h
c:\asus webstorage\jing.woo@outlook.com\mysyncfolder\urielqtframework\urielqtframework\generatedfiles\ui_urielupdater.h
c:\asus webstorage\jing.woo@outlook.com\mysyncfolder\urielqtframework\urielqtframework\generatedfiles\debug\moc_liftingprohibitiondialog.cpp
c:\asus webstorage\jing.woo@outlook.com\mysyncfolder\urielqtframework\urielqtframework\generatedfiles\debug\moc_emailaddress.cpp
c:\asus webstorage\jing.woo@outlook.com\mysyncfolder\urielqtframework\x64\debug\urielqtframework.ilk
c:\asus webstorage\jing.woo@outlook.com\mysyncfolder\urielqtframework\x64\debug\urielqtframework.exe
c:\asus webstorage\jing.woo@outlook.com\mysyncfolder\urielqtframework\x64\debug\urielqtframework.pdb
c:\asus webstorage\jing.woo@outlook.com\mysyncfolder\urielqtframework\urielqtframework\x64\debug\urielqtframework.res
c:\asus webstorage\jing.woo@outlook.com\mysyncfolder\urielqtframework\urielqtframework\x64\debug\urielqtframework.tlog\cl.command.1.tlog
c:\asus webstorage\jing.woo@outlook.com\mysyncfolder\urielqtframework\urielqtframework\x64\debug\urielqtframework.tlog\cl.read.1.tlog
c:\asus webstorage\jing.woo@outlook.com\mysyncfolder\urielqtframework\urielqtframework\x64\debug\urielqtframework.tlog\cl.write.1.tlog
c:\asus webstorage\jing.woo@outlook.com\mysyncfolder\urielqtframework\urielqtframework\x64\debug\urielqtframework.tlog\custombuild.command.1.tlog
c:\asus webstorage\jing.woo@outlook.com\mysyncfolder\urielqtframework\urielqtframework\x64\debug\urielqtframework.tlog\custombuild.read.1.tlog
c:\asus webstorage\jing.woo@outlook.com\mysyncfolder\urielqtframework\urielqtframework\x64\debug\urielqtframework.tlog\custombuild.write.1.tlog
c:\asus webstorage\jing.woo@outlook.com\mysyncfolder\urielqtframework\urielqtframework\x64\debug\urielqtframework.tlog\link.command.1.tlog
c:\asus webstorage\jing.woo@outlook.com\mysyncfolder\urielqtframework\urielqtframework\x64\debug\urielqtframework.tlog\link.read.1.tlog
c:\asus webstorage\jing.woo@outlook.com\mysyncfolder\urielqtframework\urielqtframework\x64\debug\urielqtframework.tlog\link.write.1.tlog
c:\asus webstorage\jing.woo@outlook.com\mysyncfolder\urielqtframework\urielqtframework\x64\debug\urielqtframework.tlog\rc.command.1.tlog
c:\asus webstorage\jing.woo@outlook.com\mysyncfolder\urielqtframework\urielqtframework\x64\debug\urielqtframework.tlog\rc.read.1.tlog
c:\asus webstorage\jing.woo@outlook.com\mysyncfolder\urielqtframework\urielqtframework\x64\debug\urielqtframework.tlog\rc.write.1.tlog
